<?xml version="1.0" encoding="UTF-8"?>
<testsuite xmlns:xsi="http://www.w3.org/2001/XMLSchema-instance" xsi:noNamespaceSchemaLocation="https://maven.apache.org/surefire/maven-surefire-plugin/xsd/surefire-test-report.xsd" name="edu.br.fas.AppTest" time="0.221" tests="1" errors="0" skipped="0" failures="0">
  <properties>
    <property name="sun.desktop" value="windows"/>
    <property name="awt.toolkit" value="sun.awt.windows.WToolkit"/>
    <property name="file.encoding.pkg" value="sun.io"/>
    <property name="java.specification.version" value="1.8"/>
    <property name="sun.cpu.isalist" value="amd64"/>
    <property name="sun.jnu.encoding" value="Cp1252"/>
    <property name="java.class.path" value="c:\Users\willa\Documents\Estudo\Java\aula\Projeto-Maven\target\test-classes;c:\Users\willa\Documents\Estudo\Java\aula\Projeto-Maven\target\classes;C:\Users\willa\.m2\repository\junit\junit\4.13\junit-4.13.jar;C:\Users\willa\.m2\repository\org\hamcrest\hamcrest-core\1.3\hamcrest-core-1.3.jar;"/>
    <property name="java.vm.vendor" value="Oracle Corporation"/>
    <property name="sun.arch.data.model" value="64"/>
    <property name="user.variant" value=""/>
    <property name="java.vendor.url" value="http://java.oracle.com/"/>
    <property name="user.timezone" value=""/>
    <property name="java.vm.specification.version" value="1.8"/>
    <property name="os.name" value="Windows 10"/>
    <property name="user.country" value="BR"/>
    <property name="sun.java.launcher" value="SUN_STANDARD"/>
    <property name="sun.boot.library.path" value="C:\Program Files\Java\jdk1.8.0_212\jre\bin"/>
    <property name="sun.java.command" value="C:\Users\willa\AppData\Local\Temp\surefire3337626928217335225\surefirebooter7190919407412193725.jar C:\Users\willa\AppData\Local\Temp\surefire3337626928217335225 2020-10-08T09-38-14_669-jvmRun1 surefire7998875487900625783tmp surefire_01751047960287332531tmp"/>
    <property name="surefire.test.class.path" value="c:\Users\willa\Documents\Estudo\Java\aula\Projeto-Maven\target\test-classes;c:\Users\willa\Documents\Estudo\Java\aula\Projeto-Maven\target\classes;C:\Users\willa\.m2\repository\junit\junit\4.13\junit-4.13.jar;C:\Users\willa\.m2\repository\org\hamcrest\hamcrest-core\1.3\hamcrest-core-1.3.jar;"/>
    <property name="sun.cpu.endian" value="little"/>
    <property name="user.home" value="C:\Users\willa"/>
    <property name="user.language" value="pt"/>
    <property name="java.specification.vendor" value="Oracle Corporation"/>
    <property name="java.home" value="C:\Program Files\Java\jdk1.8.0_212\jre"/>
    <property name="basedir" value="c:\Users\willa\Documents\Estudo\Java\aula\Projeto-Maven"/>
    <property name="file.separator" value="\"/>
    <property name="line.separator" value="&#10;"/>
    <property name="java.vm.specification.vendor" value="Oracle Corporation"/>
    <property name="java.specification.name" value="Java Platform API Specification"/>
    <property name="java.awt.graphicsenv" value="sun.awt.Win32GraphicsEnvironment"/>
    <property name="surefire.real.class.path" value="C:\Users\willa\AppData\Local\Temp\surefire3337626928217335225\surefirebooter7190919407412193725.jar"/>
    <property name="sun.boot.class.path" value="C:\Program Files\Java\jdk1.8.0_212\jre\lib\resources.jar;C:\Program Files\Java\jdk1.8.0_212\jre\lib\rt.jar;C:\Program Files\Java\jdk1.8.0_212\jre\lib\sunrsasign.jar;C:\Program Files\Java\jdk1.8.0_212\jre\lib\jsse.jar;C:\Program Files\Java\jdk1.8.0_212\jre\lib\jce.jar;C:\Program Files\Java\jdk1.8.0_212\jre\lib\charsets.jar;C:\Program Files\Java\jdk1.8.0_212\jre\lib\jfr.jar;C:\Program Files\Java\jdk1.8.0_212\jre\classes"/>
    <property name="user.script" value=""/>
    <property name="sun.management.compiler" value="HotSpot 64-Bit Tiered Compilers"/>
    <property name="java.runtime.version" value="1.8.0_212-b10"/>
    <property name="user.name" value="willa"/>
    <property name="path.separator" value=";"/>
    <property name="os.version" value="10.0"/>
    <property name="java.endorsed.dirs" value="C:\Program Files\Java\jdk1.8.0_212\jre\lib\endorsed"/>
    <property name="java.runtime.name" value="Java(TM) SE Runtime Environment"/>
    <property name="file.encoding" value="Cp1252"/>
    <property name="java.vm.name" value="Java HotSpot(TM) 64-Bit Server VM"/>
    <property name="localRepository" value="C:\Users\willa\.m2\repository"/>
    <property name="java.vendor.url.bug" value="http://bugreport.sun.com/bugreport/"/>
    <property name="java.io.tmpdir" value="C:\Users\willa\AppData\Local\Temp\"/>
    <property name="java.version" value="1.8.0_212"/>
    <property name="user.dir" value="c:\Users\willa\Documents\Estudo\Java\aula\Projeto-Maven"/>
    <property name="os.arch" value="amd64"/>
    <property name="java.vm.specification.name" value="Java Virtual Machine Specification"/>
    <property name="java.awt.printerjob" value="sun.awt.windows.WPrinterJob"/>
    <property name="sun.os.patch.level" value=""/>
    <property name="java.library.path" value="C:\Program Files\Java\jdk1.8.0_212\jre\bin;C:\WINDOWS\Sun\Java\bin;C:\WINDOWS\system32;C:\WINDOWS;C:\Program Files\Microsoft MPI\Bin\;C:\Program Files (x86)\Common Files\Oracle\Java\javapath;C:\ProgramData\Oracle\Java\javapath;C:\WINDOWS\system32;C:\WINDOWS;C:\WINDOWS\System32\Wbem;C:\WINDOWS\System32\WindowsPowerShell\v1.0\;C:\Program Files (x86)\Microsoft SQL Server\100\Tools\Binn\;C:\Program Files (x86)\Microsoft SQL Server\100\DTS\Binn\;C:\Program Files (x86)\Microsoft SQL Server\100\Tools\Binn\VSShell\Common7\IDE\;C:\Program Files (x86)\Microsoft Visual Studio 9.0\Common7\IDE\PrivateAssemblies\;C:\Program Files\MySQL\MySQL Utilities 1.6\;C:\Program Files\Microsoft SQL Server\120\Tools\Binn\;C:\Program Files\Microsoft SQL Server\130\Tools\Binn\;C:\Program Files (x86)\Windows Kits\10\Windows Performance Toolkit\;C:\WINDOWS\System32\OpenSSH\;C:\Program Files\php7;C:\Centura;C:\Program Files\Microsoft SQL Server\Client SDK\ODBC\130\Tools\Binn\;C:\Program Files (x86)\Microsoft SQL Server\140\Tools\Binn\;C:\Program Files\Microsoft SQL Server\140\Tools\Binn\;C:\Program Files\Microsoft SQL Server\140\DTS\Binn\;C:\Program Files (x86)\Microsoft SQL Server\Client SDK\ODBC\130\Tools\Binn\;C:\Program Files (x86)\Microsoft SQL Server\140\DTS\Binn\;C:\Program Files (x86)\Microsoft SQL Server\140\Tools\Binn\ManagementStudio\;C:\Program Files\dotnet\;C:\Program Files\Microsoft SQL Server\Client SDK\ODBC\170\Tools\Binn\;C:\Program Files (x86)\GnuWin32\bin;C:\Program Files\nodejs\;C:\WINDOWS\system32\config\systemprofile\.dnx\bin;C:\Program Files\Microsoft DNX\Dnvm\;C:\ProgramData\chocolatey\bin;C:\Users\willa\AppData\Local\Programs\Python\Python37\Scripts;C:\Program Files\Git\cmd;%M2_HOME%\bin;C:\Program Files\Java\jdk1.8.0_212\bin;C:\Program Files\MongoDB\Server\4.2\bin;C:\Users\willa\.dotnet\tools;C:\Users\willa\AppData\Roaming\npm;C:\Users\willa\AppData\Local\Programs\Microsoft VS Code\bin;C:\Users\willa\AppData\Local\Microsoft\WindowsApps;C:\Program Files\Apache Software Foundation\apache-maven-3.5.4\bin;;."/>
    <property name="java.vm.info" value="mixed mode"/>
    <property name="java.vendor" value="Oracle Corporation"/>
    <property name="java.vm.version" value="25.212-b10"/>
    <property name="java.ext.dirs" value="C:\Program Files\Java\jdk1.8.0_212\jre\lib\ext;C:\WINDOWS\Sun\Java\lib\ext"/>
    <property name="sun.io.unicode.encoding" value="UnicodeLittle"/>
    <property name="java.class.version" value="52.0"/>
  </properties>
  <testcase name="shouldAnswerWithTrue" classname="edu.br.fas.AppTest" time="0.045"/>
</testsuite>